{"/Users/patneedham/Desktop/dev/tmp/google-it/googleIt.js":{"path":"/Users/patneedham/Desktop/dev/tmp/google-it/googleIt.js","s":{"1":1,"2":1,"3":1,"4":1,"5":1,"6":1,"7":1,"8":1,"9":0,"10":0,"11":0,"12":1,"13":0,"14":0,"15":0,"16":0,"17":1,"18":1,"19":0,"20":0,"21":1,"22":1,"23":1,"24":1,"25":1,"26":1,"27":0,"28":1,"29":1,"30":1,"31":1,"32":1,"33":9,"34":38,"35":0,"36":0,"37":38,"38":1,"39":0,"40":0,"41":0,"42":0,"43":0,"44":1,"45":1,"46":1,"47":1,"48":1,"49":9,"50":1,"51":9,"52":9,"53":1,"54":9,"55":9,"56":9,"57":1,"58":0,"59":1,"60":1},"b":{"1":[0,1],"2":[0,0],"3":[0,0],"4":[0,1],"5":[1,1],"6":[1,1],"7":[0,1],"8":[0,38],"9":[9,0],"10":[9,0],"11":[0,1]},"f":{"1":1,"2":0,"3":1,"4":1,"5":9,"6":0,"7":1},"fnMap":{"1":{"name":"saveToFile","line":12,"loc":{"start":{"line":12,"column":0},"end":{"line":12,"column":37}}},"2":{"name":"errorTryingToOpen","line":22,"loc":{"start":{"line":22,"column":0},"end":{"line":22,"column":50}}},"3":{"name":"openInBrowser","line":30,"loc":{"start":{"line":30,"column":0},"end":{"line":30,"column":38}}},"4":{"name":"googleIt","line":39,"loc":{"start":{"line":39,"column":0},"end":{"line":39,"column":26}}},"5":{"name":"getSnippet","line":62,"loc":{"start":{"line":62,"column":0},"end":{"line":62,"column":26}}},"6":{"name":"display","line":72,"loc":{"start":{"line":72,"column":0},"end":{"line":72,"column":26}}},"7":{"name":"getResults","line":81,"loc":{"start":{"line":81,"column":0},"end":{"line":81,"column":37}}}},"statementMap":{"1":{"start":{"line":1,"column":0},"end":{"line":1,"column":32}},"2":{"start":{"line":2,"column":0},"end":{"line":2,"column":22}},"3":{"start":{"line":3,"column":0},"end":{"line":3,"column":32}},"4":{"start":{"line":4,"column":0},"end":{"line":4,"column":30}},"5":{"start":{"line":5,"column":0},"end":{"line":5,"column":28}},"6":{"start":{"line":6,"column":0},"end":{"line":6,"column":42}},"7":{"start":{"line":12,"column":0},"end":{"line":20,"column":1}},"8":{"start":{"line":13,"column":2},"end":{"line":19,"column":3}},"9":{"start":{"line":14,"column":4},"end":{"line":18,"column":6}},"10":{"start":{"line":15,"column":6},"end":{"line":17,"column":7}},"11":{"start":{"line":16,"column":8},"end":{"line":16,"column":67}},"12":{"start":{"line":22,"column":0},"end":{"line":28,"column":1}},"13":{"start":{"line":23,"column":2},"end":{"line":27,"column":3}},"14":{"start":{"line":24,"column":4},"end":{"line":24,"column":65}},"15":{"start":{"line":25,"column":4},"end":{"line":25,"column":36}},"16":{"start":{"line":26,"column":4},"end":{"line":26,"column":36}},"17":{"start":{"line":30,"column":0},"end":{"line":37,"column":1}},"18":{"start":{"line":31,"column":2},"end":{"line":36,"column":3}},"19":{"start":{"line":33,"column":4},"end":{"line":35,"column":6}},"20":{"start":{"line":34,"column":6},"end":{"line":34,"column":53}},"21":{"start":{"line":39,"column":0},"end":{"line":60,"column":1}},"22":{"start":{"line":40,"column":2},"end":{"line":40,"column":73}},"23":{"start":{"line":41,"column":2},"end":{"line":46,"column":4}},"24":{"start":{"line":48,"column":2},"end":{"line":59,"column":5}},"25":{"start":{"line":49,"column":4},"end":{"line":58,"column":7}},"26":{"start":{"line":50,"column":6},"end":{"line":57,"column":7}},"27":{"start":{"line":51,"column":8},"end":{"line":51,"column":65}},"28":{"start":{"line":53,"column":8},"end":{"line":53,"column":60}},"29":{"start":{"line":54,"column":8},"end":{"line":54,"column":35}},"30":{"start":{"line":55,"column":8},"end":{"line":55,"column":36}},"31":{"start":{"line":56,"column":8},"end":{"line":56,"column":32}},"32":{"start":{"line":62,"column":0},"end":{"line":70,"column":1}},"33":{"start":{"line":63,"column":2},"end":{"line":69,"column":13}},"34":{"start":{"line":64,"column":4},"end":{"line":68,"column":5}},"35":{"start":{"line":65,"column":6},"end":{"line":65,"column":44}},"36":{"start":{"line":65,"column":37},"end":{"line":65,"column":43}},"37":{"start":{"line":67,"column":6},"end":{"line":67,"column":23}},"38":{"start":{"line":72,"column":0},"end":{"line":79,"column":1}},"39":{"start":{"line":73,"column":2},"end":{"line":78,"column":4}},"40":{"start":{"line":74,"column":4},"end":{"line":74,"column":34}},"41":{"start":{"line":75,"column":4},"end":{"line":75,"column":34}},"42":{"start":{"line":76,"column":4},"end":{"line":76,"column":31}},"43":{"start":{"line":77,"column":4},"end":{"line":77,"column":21}},"44":{"start":{"line":81,"column":0},"end":{"line":110,"column":1}},"45":{"start":{"line":82,"column":2},"end":{"line":82,"column":30}},"46":{"start":{"line":83,"column":2},"end":{"line":83,"column":18}},"47":{"start":{"line":86,"column":2},"end":{"line":86,"column":48}},"48":{"start":{"line":87,"column":2},"end":{"line":89,"column":4}},"49":{"start":{"line":88,"column":4},"end":{"line":88,"column":38}},"50":{"start":{"line":92,"column":2},"end":{"line":96,"column":4}},"51":{"start":{"line":93,"column":4},"end":{"line":95,"column":5}},"52":{"start":{"line":94,"column":6},"end":{"line":94,"column":87}},"53":{"start":{"line":99,"column":2},"end":{"line":104,"column":4}},"54":{"start":{"line":100,"column":4},"end":{"line":103,"column":5}},"55":{"start":{"line":101,"column":6},"end":{"line":101,"column":36}},"56":{"start":{"line":102,"column":6},"end":{"line":102,"column":72}},"57":{"start":{"line":106,"column":2},"end":{"line":108,"column":3}},"58":{"start":{"line":107,"column":4},"end":{"line":107,"column":20}},"59":{"start":{"line":109,"column":2},"end":{"line":109,"column":16}},"60":{"start":{"line":112,"column":0},"end":{"line":112,"column":25}}},"branchMap":{"1":{"line":13,"type":"if","locations":[{"start":{"line":13,"column":2},"end":{"line":13,"column":2}},{"start":{"line":13,"column":2},"end":{"line":13,"column":2}}]},"2":{"line":15,"type":"if","locations":[{"start":{"line":15,"column":6},"end":{"line":15,"column":6}},{"start":{"line":15,"column":6},"end":{"line":15,"column":6}}]},"3":{"line":23,"type":"if","locations":[{"start":{"line":23,"column":2},"end":{"line":23,"column":2}},{"start":{"line":23,"column":2},"end":{"line":23,"column":2}}]},"4":{"line":31,"type":"if","locations":[{"start":{"line":31,"column":2},"end":{"line":31,"column":2}},{"start":{"line":31,"column":2},"end":{"line":31,"column":2}}]},"5":{"line":42,"type":"binary-expr","locations":[{"start":{"line":42,"column":68},"end":{"line":42,"column":78}},{"start":{"line":42,"column":82},"end":{"line":42,"column":84}}]},"6":{"line":44,"type":"binary-expr","locations":[{"start":{"line":44,"column":21},"end":{"line":44,"column":30}},{"start":{"line":44,"column":34},"end":{"line":44,"column":118}}]},"7":{"line":50,"type":"if","locations":[{"start":{"line":50,"column":6},"end":{"line":50,"column":6}},{"start":{"line":50,"column":6},"end":{"line":50,"column":6}}]},"8":{"line":64,"type":"if","locations":[{"start":{"line":64,"column":4},"end":{"line":64,"column":4}},{"start":{"line":64,"column":4},"end":{"line":64,"column":4}}]},"9":{"line":93,"type":"if","locations":[{"start":{"line":93,"column":4},"end":{"line":93,"column":4}},{"start":{"line":93,"column":4},"end":{"line":93,"column":4}}]},"10":{"line":100,"type":"if","locations":[{"start":{"line":100,"column":4},"end":{"line":100,"column":4}},{"start":{"line":100,"column":4},"end":{"line":100,"column":4}}]},"11":{"line":106,"type":"if","locations":[{"start":{"line":106,"column":2},"end":{"line":106,"column":2}},{"start":{"line":106,"column":2},"end":{"line":106,"column":2}}]}}},"/Users/patneedham/Desktop/dev/tmp/google-it/validateCLIArguments.js":{"path":"/Users/patneedham/Desktop/dev/tmp/google-it/validateCLIArguments.js","s":{"1":1,"2":1,"3":1,"4":1,"5":1,"6":1,"7":4,"8":1,"9":1,"10":3,"11":3,"12":0,"13":3,"14":1,"15":2,"16":1,"17":1,"18":1,"19":3,"20":1,"21":3,"22":3,"23":3,"24":1},"b":{"1":[0,3],"2":[1,2],"3":[3,2],"4":[1,1],"5":[2,1],"6":[1,0],"7":[1,1],"8":[3,0]},"f":{"1":4,"2":3,"3":3},"fnMap":{"1":{"name":"getError","line":7,"loc":{"start":{"line":7,"column":0},"end":{"line":7,"column":26}}},"2":{"name":"getPotentialError","line":18,"loc":{"start":{"line":18,"column":0},"end":{"line":18,"column":33}}},"3":{"name":"validateCLIArguments","line":32,"loc":{"start":{"line":32,"column":0},"end":{"line":32,"column":36}}}},"statementMap":{"1":{"start":{"line":1,"column":0},"end":{"line":1,"column":37}},"2":{"start":{"line":2,"column":0},"end":{"line":2,"column":61}},"3":{"start":{"line":3,"column":0},"end":{"line":3,"column":43}},"4":{"start":{"line":4,"column":0},"end":{"line":4,"column":45}},"5":{"start":{"line":5,"column":0},"end":{"line":5,"column":21}},"6":{"start":{"line":7,"column":0},"end":{"line":9,"column":1}},"7":{"start":{"line":8,"column":2},"end":{"line":8,"column":40}},"8":{"start":{"line":11,"column":0},"end":{"line":16,"column":1}},"9":{"start":{"line":18,"column":0},"end":{"line":30,"column":1}},"10":{"start":{"line":19,"column":2},"end":{"line":19,"column":18}},"11":{"start":{"line":20,"column":2},"end":{"line":28,"column":3}},"12":{"start":{"line":21,"column":4},"end":{"line":21,"column":25}},"13":{"start":{"line":22,"column":9},"end":{"line":28,"column":3}},"14":{"start":{"line":23,"column":4},"end":{"line":23,"column":37}},"15":{"start":{"line":24,"column":9},"end":{"line":28,"column":3}},"16":{"start":{"line":25,"column":4},"end":{"line":25,"column":28}},"17":{"start":{"line":26,"column":9},"end":{"line":28,"column":3}},"18":{"start":{"line":27,"column":4},"end":{"line":27,"column":29}},"19":{"start":{"line":29,"column":2},"end":{"line":29,"column":29}},"20":{"start":{"line":32,"column":0},"end":{"line":36,"column":1}},"21":{"start":{"line":33,"column":2},"end":{"line":33,"column":30}},"22":{"start":{"line":34,"column":2},"end":{"line":34,"column":37}},"23":{"start":{"line":35,"column":2},"end":{"line":35,"column":31}},"24":{"start":{"line":38,"column":0},"end":{"line":38,"column":37}}},"branchMap":{"1":{"line":20,"type":"if","locations":[{"start":{"line":20,"column":2},"end":{"line":20,"column":2}},{"start":{"line":20,"column":2},"end":{"line":20,"column":2}}]},"2":{"line":22,"type":"if","locations":[{"start":{"line":22,"column":9},"end":{"line":22,"column":9}},{"start":{"line":22,"column":9},"end":{"line":22,"column":9}}]},"3":{"line":22,"type":"binary-expr","locations":[{"start":{"line":22,"column":13},"end":{"line":22,"column":27}},{"start":{"line":22,"column":31},"end":{"line":22,"column":65}}]},"4":{"line":24,"type":"if","locations":[{"start":{"line":24,"column":9},"end":{"line":24,"column":9}},{"start":{"line":24,"column":9},"end":{"line":24,"column":9}}]},"5":{"line":24,"type":"binary-expr","locations":[{"start":{"line":24,"column":13},"end":{"line":24,"column":27}},{"start":{"line":24,"column":31},"end":{"line":24,"column":64}}]},"6":{"line":26,"type":"if","locations":[{"start":{"line":26,"column":9},"end":{"line":26,"column":9}},{"start":{"line":26,"column":9},"end":{"line":26,"column":9}}]},"7":{"line":26,"type":"binary-expr","locations":[{"start":{"line":26,"column":13},"end":{"line":26,"column":31}},{"start":{"line":26,"column":35},"end":{"line":26,"column":50}}]},"8":{"line":35,"type":"cond-expr","locations":[{"start":{"line":35,"column":17},"end":{"line":35,"column":22}},{"start":{"line":35,"column":25},"end":{"line":35,"column":31}}]}}},"/Users/patneedham/Desktop/dev/tmp/google-it/optionDefinitions.js":{"path":"/Users/patneedham/Desktop/dev/tmp/google-it/optionDefinitions.js","s":{"1":1,"2":1},"b":{},"f":{},"fnMap":{},"statementMap":{"1":{"start":{"line":1,"column":0},"end":{"line":36,"column":1}},"2":{"start":{"line":38,"column":0},"end":{"line":38,"column":34}}},"branchMap":{}}}