TN:
SF:/Users/patneedham/Desktop/dev/tmp/google-it/googleIt.js
FN:12,saveToFile
FN:22,errorTryingToOpen
FN:30,openInBrowser
FN:39,googleIt
FN:62,getSnippet
FN:72,display
FN:81,getResults
FNF:7
FNH:5
FNDA:1,saveToFile
FNDA:0,errorTryingToOpen
FNDA:1,openInBrowser
FNDA:1,googleIt
FNDA:9,getSnippet
FNDA:0,display
FNDA:1,getResults
DA:1,1
DA:2,1
DA:3,1
DA:4,1
DA:5,1
DA:6,1
DA:12,1
DA:13,1
DA:14,0
DA:15,0
DA:16,0
DA:22,1
DA:23,0
DA:24,0
DA:25,0
DA:26,0
DA:30,1
DA:31,1
DA:33,0
DA:34,0
DA:39,1
DA:40,1
DA:41,1
DA:48,1
DA:49,1
DA:50,1
DA:51,0
DA:53,1
DA:54,1
DA:55,1
DA:56,1
DA:62,1
DA:63,9
DA:64,38
DA:65,0
DA:67,38
DA:72,1
DA:73,0
DA:74,0
DA:75,0
DA:76,0
DA:77,0
DA:81,1
DA:82,1
DA:83,1
DA:86,1
DA:87,1
DA:88,9
DA:92,1
DA:93,9
DA:94,9
DA:99,1
DA:100,9
DA:101,9
DA:102,9
DA:106,1
DA:107,0
DA:109,1
DA:112,1
LF:59
LH:42
BRDA:13,1,0,0
BRDA:13,1,1,1
BRDA:15,2,0,0
BRDA:15,2,1,0
BRDA:23,3,0,0
BRDA:23,3,1,0
BRDA:31,4,0,0
BRDA:31,4,1,1
BRDA:42,5,0,1
BRDA:42,5,1,1
BRDA:44,6,0,1
BRDA:44,6,1,1
BRDA:50,7,0,0
BRDA:50,7,1,1
BRDA:64,8,0,0
BRDA:64,8,1,38
BRDA:93,9,0,9
BRDA:93,9,1,0
BRDA:100,10,0,9
BRDA:100,10,1,0
BRDA:106,11,0,0
BRDA:106,11,1,1
BRF:22
BRH:11
end_of_record
TN:
SF:/Users/patneedham/Desktop/dev/tmp/google-it/validateCLIArguments.js
FN:7,getError
FN:18,getPotentialError
FN:32,validateCLIArguments
FNF:3
FNH:3
FNDA:4,getError
FNDA:3,getPotentialError
FNDA:3,validateCLIArguments
DA:1,1
DA:2,1
DA:3,1
DA:4,1
DA:5,1
DA:7,1
DA:8,4
DA:11,1
DA:18,1
DA:19,3
DA:20,3
DA:21,0
DA:22,3
DA:23,1
DA:24,2
DA:25,1
DA:26,1
DA:27,1
DA:29,3
DA:32,1
DA:33,3
DA:34,3
DA:35,3
DA:38,1
LF:24
LH:23
BRDA:20,1,0,0
BRDA:20,1,1,3
BRDA:22,2,0,1
BRDA:22,2,1,2
BRDA:22,3,0,3
BRDA:22,3,1,2
BRDA:24,4,0,1
BRDA:24,4,1,1
BRDA:24,5,0,2
BRDA:24,5,1,1
BRDA:26,6,0,1
BRDA:26,6,1,0
BRDA:26,7,0,1
BRDA:26,7,1,1
BRDA:35,8,0,3
BRDA:35,8,1,0
BRF:16
BRH:13
end_of_record
TN:
SF:/Users/patneedham/Desktop/dev/tmp/google-it/optionDefinitions.js
FNF:0
FNH:0
DA:1,1
DA:38,1
LF:2
LH:2
BRF:0
BRH:0
end_of_record
